2019-09-23 18:04:39.537  INFO 8804 --- [main] o.s.b.w.embedded.tomcat.TomcatWebServer  : Tomcat initialized with port(s): 8080 (http)
2019-09-23 18:04:39.742  INFO 8804 --- [main] o.s.web.context.ContextLoader            : Root WebApplicationContext: initialization completed in 1874 ms
2019-09-23 18:04:40.691  INFO 8804 --- [main] pertySourcedRequestMappingHandlerMapping : Mapped URL path [/v2/api-docs] onto method [public org.springframework.http.ResponseEntity<springfox.documentation.spring.web.json.Json> springfox.documentation.swagger2.web.Swagger2Controller.getDocumentation(java.lang.String,javax.servlet.http.HttpServletRequest)]
2019-09-23 18:04:40.848  INFO 8804 --- [main] o.s.s.concurrent.ThreadPoolTaskExecutor  : Initializing ExecutorService 'applicationTaskExecutor'
2019-09-23 18:04:41.056  INFO 8804 --- [main] d.s.w.p.DocumentationPluginsBootstrapper : Context refreshed
2019-09-23 18:04:41.076  INFO 8804 --- [main] d.s.w.p.DocumentationPluginsBootstrapper : Found 1 custom documentation plugin(s)
2019-09-23 18:04:41.144  INFO 8804 --- [main] s.d.s.w.s.ApiListingReferenceScanner     : Scanning for api listing references
2019-09-23 18:04:41.371  INFO 8804 --- [main] .d.s.w.r.o.CachingOperationNameGenerator : Generating unique operation named: disableRouteUsingPUT_1
2019-09-23 18:04:41.372  INFO 8804 --- [main] .d.s.w.r.o.CachingOperationNameGenerator : Generating unique operation named: enableRouteUsingPUT_1
2019-09-23 18:04:41.411  INFO 8804 --- [main] .d.s.w.r.o.CachingOperationNameGenerator : Generating unique operation named: searchServiceUsingGET_1
2019-09-23 18:04:41.455  INFO 8804 --- [main] .d.s.w.r.o.CachingOperationNameGenerator : Generating unique operation named: createRuleUsingPOST_1
2019-09-23 18:04:41.456  INFO 8804 --- [main] .d.s.w.r.o.CachingOperationNameGenerator : Generating unique operation named: deleteRouteUsingDELETE_1
2019-09-23 18:04:41.459  INFO 8804 --- [main] .d.s.w.r.o.CachingOperationNameGenerator : Generating unique operation named: detailRouteUsingGET_1
2019-09-23 18:04:41.460  INFO 8804 --- [main] .d.s.w.r.o.CachingOperationNameGenerator : Generating unique operation named: disableRouteUsingPUT_2
2019-09-23 18:04:41.461  INFO 8804 --- [main] .d.s.w.r.o.CachingOperationNameGenerator : Generating unique operation named: enableRouteUsingPUT_2
2019-09-23 18:04:41.463  INFO 8804 --- [main] .d.s.w.r.o.CachingOperationNameGenerator : Generating unique operation named: searchRoutesUsingGET_1
2019-09-23 18:04:41.464  INFO 8804 --- [main] .d.s.w.r.o.CachingOperationNameGenerator : Generating unique operation named: updateRuleUsingPUT_1
2019-09-23 18:04:41.509  INFO 8804 --- [main] o.s.b.w.embedded.tomcat.TomcatWebServer  : Tomcat started on port(s): 8080 (http) with context path ''
2019-09-23 18:12:51.466  INFO 11196 --- [main] o.s.b.w.embedded.tomcat.TomcatWebServer  : Tomcat initialized with port(s): 8080 (http)
2019-09-23 18:12:51.651  INFO 11196 --- [main] o.s.web.context.ContextLoader            : Root WebApplicationContext: initialization completed in 2008 ms
2019-09-23 18:12:52.551  INFO 11196 --- [main] pertySourcedRequestMappingHandlerMapping : Mapped URL path [/v2/api-docs] onto method [public org.springframework.http.ResponseEntity<springfox.documentation.spring.web.json.Json> springfox.documentation.swagger2.web.Swagger2Controller.getDocumentation(java.lang.String,javax.servlet.http.HttpServletRequest)]
2019-09-23 18:12:52.691  INFO 11196 --- [main] o.s.s.concurrent.ThreadPoolTaskExecutor  : Initializing ExecutorService 'applicationTaskExecutor'
2019-09-23 18:12:52.881  INFO 11196 --- [main] d.s.w.p.DocumentationPluginsBootstrapper : Context refreshed
2019-09-23 18:12:52.909  INFO 11196 --- [main] d.s.w.p.DocumentationPluginsBootstrapper : Found 1 custom documentation plugin(s)
2019-09-23 18:12:53.006  INFO 11196 --- [main] s.d.s.w.s.ApiListingReferenceScanner     : Scanning for api listing references
2019-09-23 18:12:53.253  INFO 11196 --- [main] .d.s.w.r.o.CachingOperationNameGenerator : Generating unique operation named: disableRouteUsingPUT_1
2019-09-23 18:12:53.254  INFO 11196 --- [main] .d.s.w.r.o.CachingOperationNameGenerator : Generating unique operation named: enableRouteUsingPUT_1
2019-09-23 18:12:53.295  INFO 11196 --- [main] .d.s.w.r.o.CachingOperationNameGenerator : Generating unique operation named: searchServiceUsingGET_1
2019-09-23 18:12:53.341  INFO 11196 --- [main] .d.s.w.r.o.CachingOperationNameGenerator : Generating unique operation named: createRuleUsingPOST_1
2019-09-23 18:12:53.342  INFO 11196 --- [main] .d.s.w.r.o.CachingOperationNameGenerator : Generating unique operation named: deleteRouteUsingDELETE_1
2019-09-23 18:12:53.346  INFO 11196 --- [main] .d.s.w.r.o.CachingOperationNameGenerator : Generating unique operation named: detailRouteUsingGET_1
2019-09-23 18:12:53.347  INFO 11196 --- [main] .d.s.w.r.o.CachingOperationNameGenerator : Generating unique operation named: disableRouteUsingPUT_2
2019-09-23 18:12:53.348  INFO 11196 --- [main] .d.s.w.r.o.CachingOperationNameGenerator : Generating unique operation named: enableRouteUsingPUT_2
2019-09-23 18:12:53.350  INFO 11196 --- [main] .d.s.w.r.o.CachingOperationNameGenerator : Generating unique operation named: searchRoutesUsingGET_1
2019-09-23 18:12:53.351  INFO 11196 --- [main] .d.s.w.r.o.CachingOperationNameGenerator : Generating unique operation named: updateRuleUsingPUT_1
2019-09-23 18:12:53.398  INFO 11196 --- [main] o.s.b.w.embedded.tomcat.TomcatWebServer  : Tomcat started on port(s): 8080 (http) with context path ''
2019-09-23 18:43:25.331  INFO 11196 --- [http-nio-8080-exec-3] o.s.web.servlet.DispatcherServlet        : Initializing Servlet 'dispatcherServlet'
2019-09-23 18:43:25.348  INFO 11196 --- [http-nio-8080-exec-3] o.s.web.servlet.DispatcherServlet        : Completed initialization in 17 ms
